DEBUG:root:PDF_count = 3
DEBUG:root:list widget PDF 0 = Item A
DEBUG:root:list widget PDF 1 = Item B
DEBUG:root:list widget PDF 2 = Item C
DEBUG:root:PDF_count = 3
DEBUG:root:list widget PDF 0 = Item A
DEBUG:root:list widget PDF 1 = Item B
DEBUG:root:list widget PDF 2 = Item C
DEBUG:root:PDF_count = 3
DEBUG:root:list widget PDF 0 = Item A
DEBUG:root:list widget PDF 1 = Item B
DEBUG:root:list widget PDF 2 = Item C
DEBUG:root:PDF_count = 3
DEBUG:root:list widget PDF 0 = Item A
DEBUG:root:list widget PDF 1 = Item C
DEBUG:root:list widget PDF 2 = Item B
DEBUG:root:PDF_count = 3
DEBUG:root:list widget PDF 0 = Item A
DEBUG:root:list widget PDF 1 = Item B
DEBUG:root:list widget PDF 2 = Item C
DEBUG:root:PDF_count = 3
DEBUG:root:list widget PDF 0 = Item A
DEBUG:root:list widget PDF 1 = Item B
DEBUG:root:list widget PDF 2 = Item C
DEBUG:root:PDF_count = 3
DEBUG:root:list widget PDF 0 = Item A
DEBUG:root:list widget PDF 1 = Item B
DEBUG:root:list widget PDF 2 = Item C
DEBUG:root:PDF_count = 3
DEBUG:root:list widget PDF 0 = Item A
DEBUG:root:list widget PDF 1 = Item B
DEBUG:root:list widget PDF 2 = Item C
DEBUG:root:PDF_count = 3
DEBUG:root:list widget PDF 0 = Item A
DEBUG:root:list widget PDF 1 = Item B
DEBUG:root:list widget PDF 2 = Item C
DEBUG:root:PDF_count = 3
DEBUG:root:list widget PDF 0 = Item A
DEBUG:root:list widget PDF 1 = Item B
DEBUG:root:list widget PDF 2 = Item C
DEBUG:root:PDF_count = 3
DEBUG:root:list widget PDF 0 = Item A
DEBUG:root:list widget PDF 1 = Item B
DEBUG:root:list widget PDF 2 = Item C
DEBUG:root:Escape:  
DEBUG:root:PDF_count = 6
DEBUG:root:list widget PDF 0 = C:/Users/Family/Desktop/GaussCombinedG7Contest.pdf
DEBUG:root:list widget PDF 1 = C:/Users/Family/Desktop/GaussCombinedGR78Solutions.pdf
DEBUG:root:list widget PDF 2 = Item C
DEBUG:root:list widget PDF 3 = Item A
DEBUG:root:list widget PDF 4 = C:/Users/Family/Desktop/GaussCombinedGR78Solutions.pdf
DEBUG:root:list widget PDF 5 = Item B
DEBUG:root:PDF_count = 3
DEBUG:root:list widget PDF 0 = Item A
DEBUG:root:list widget PDF 1 = Item B
DEBUG:root:list widget PDF 2 = Item C
DEBUG:root:PDF_count = 3
DEBUG:root:list widget PDF 0 = Item A
DEBUG:root:list widget PDF 1 = Item B
DEBUG:root:list widget PDF 2 = Item C
DEBUG:root:PDF_count = 3
DEBUG:root:list widget PDF 0 = Item A
DEBUG:root:list widget PDF 1 = Item B
DEBUG:root:list widget PDF 2 = Item C
DEBUG:root:PDF_count = 3
DEBUG:root:list widget PDF 0 = Item A
DEBUG:root:list widget PDF 1 = Item B
DEBUG:root:list widget PDF 2 = Item C
DEBUG:root:Escape:  
DEBUG:root:PDF_count = 5
DEBUG:root:list widget PDF 0 = C:/Users/Family/Desktop/GaussCombinedG7Contest.pdf
DEBUG:root:list widget PDF 1 = Item A
DEBUG:root:list widget PDF 2 = Item B
DEBUG:root:list widget PDF 3 = C:/Users/Family/Desktop/GaussCombinedG8Contest.pdf
DEBUG:root:list widget PDF 4 = Item C
DEBUG:root:PDF_count = 3
DEBUG:root:list widget PDF 0 = Item A
DEBUG:root:list widget PDF 1 = Item B
DEBUG:root:list widget PDF 2 = Item C
DEBUG:root:PDF_count = 3
DEBUG:root:list widget PDF 0 = Item A
DEBUG:root:list widget PDF 1 = Item B
DEBUG:root:list widget PDF 2 = Item C
DEBUG:root:PDF_count = 3
DEBUG:root:list widget PDF 0 = Item A
DEBUG:root:list widget PDF 1 = Item B
DEBUG:root:list widget PDF 2 = Item C
DEBUG:root:PDF_count = 3
DEBUG:root:list widget PDF 0 = Item A
DEBUG:root:list widget PDF 1 = Item B
DEBUG:root:list widget PDF 2 = Item C
DEBUG:root:Escape:  
DEBUG:root:PDF_count = 6
DEBUG:root:list widget PDF 0 = Item A
DEBUG:root:list widget PDF 1 = C:/Users/Family/Desktop/GaussCombinedG8Contest.pdf
DEBUG:root:list widget PDF 2 = Item C
DEBUG:root:list widget PDF 3 = C:/Users/Family/Desktop/GaussCombinedGR78Solutions.pdf
DEBUG:root:list widget PDF 4 = Item B
DEBUG:root:list widget PDF 5 = C:/Users/Family/Desktop/GaussCombinedG7Contest.pdf
DEBUG:root:PDF_count = 3
DEBUG:root:list widget PDF 0 = Item A
DEBUG:root:list widget PDF 1 = Item B
DEBUG:root:list widget PDF 2 = Item C
DEBUG:root:PDF_count = 3
DEBUG:root:list widget PDF 0 = Item A
DEBUG:root:list widget PDF 1 = Item B
DEBUG:root:list widget PDF 2 = Item C
DEBUG:root:Escape:  
DEBUG:root:PDF_count = 4
DEBUG:root:list widget PDF 0 = Item A
DEBUG:root:list widget PDF 1 = Item B
DEBUG:root:list widget PDF 2 = Item C
DEBUG:root:list widget PDF 3 = C:/Users/Family/Desktop/GaussCombinedGR78Solutions.pdf
DEBUG:root:PDF_count = 3
DEBUG:root:list widget PDF 0 = Item A
DEBUG:root:list widget PDF 1 = Item B
DEBUG:root:list widget PDF 2 = Item C
DEBUG:root:Escape:  
DEBUG:root:PDF_count = 3
DEBUG:root:list widget PDF 0 = Item A
DEBUG:root:list widget PDF 1 = Item B
DEBUG:root:list widget PDF 2 = Item C
DEBUG:root:PDF_count = 3
DEBUG:root:list widget PDF 0 = Item A
DEBUG:root:list widget PDF 1 = Item B
DEBUG:root:list widget PDF 2 = Item C
DEBUG:root:Escape:  
DEBUG:root:PDF_count = 3
DEBUG:root:list widget PDF 0 = Item A
DEBUG:root:list widget PDF 1 = Item B
DEBUG:root:list widget PDF 2 = Item C
DEBUG:root:PDF_count = 3
DEBUG:root:list widget PDF 0 = Item A
DEBUG:root:list widget PDF 1 = Item B
DEBUG:root:list widget PDF 2 = Item C
DEBUG:root:PDF_count = 3
DEBUG:root:list widget PDF 0 = Item A
DEBUG:root:list widget PDF 1 = Item B
DEBUG:root:list widget PDF 2 = Item C
DEBUG:root:PDF_count = 3
DEBUG:root:list widget PDF 0 = Item A
DEBUG:root:list widget PDF 1 = Item B
DEBUG:root:list widget PDF 2 = Item C
DEBUG:root:Escape:  
DEBUG:root:PDF_count = 3
DEBUG:root:list widget PDF 0 = Item A
DEBUG:root:list widget PDF 1 = Item B
DEBUG:root:list widget PDF 2 = Item C
DEBUG:root:PDF_count = 3
DEBUG:root:list widget PDF 0 = Item A
DEBUG:root:list widget PDF 1 = Item B
DEBUG:root:list widget PDF 2 = Item C
DEBUG:root:PDF_count = 3
DEBUG:root:list widget PDF 0 = Item A
DEBUG:root:list widget PDF 1 = Item B
DEBUG:root:list widget PDF 2 = Item C
DEBUG:root:Escape:  
DEBUG:root:PDF_count = 0
DEBUG:root:PDF_count = 3
DEBUG:root:list widget PDF 0 = Item A
DEBUG:root:list widget PDF 1 = Item B
DEBUG:root:list widget PDF 2 = Item C
DEBUG:root:Escape:  
DEBUG:root:PDF_count = 5
DEBUG:root:list widget PDF 0 = Item A
DEBUG:root:list widget PDF 1 = C:/Users/Family/Desktop/COVID-19 Acknowledgment Waiver and Indemnification - Facility Rentals.pdf
DEBUG:root:list widget PDF 2 = Item B
DEBUG:root:list widget PDF 3 = C:/Users/Family/Desktop/driveline-baseball_htkc-youth-2018_web.pdf
DEBUG:root:list widget PDF 4 = Item C
DEBUG:root:PDF_count = 3
DEBUG:root:list widget PDF 0 = Item A
DEBUG:root:list widget PDF 1 = Item B
DEBUG:root:list widget PDF 2 = Item C
DEBUG:root:PDF_count = 3
DEBUG:root:list widget PDF 0 = Item A
DEBUG:root:list widget PDF 1 = Item B
DEBUG:root:list widget PDF 2 = Item C
DEBUG:root:Escape:  
DEBUG:root:PDF_count = 3
DEBUG:root:list widget PDF 0 = Item A
DEBUG:root:list widget PDF 1 = Item B
DEBUG:root:list widget PDF 2 = Item C
DEBUG:root:PDF_count = 3
DEBUG:root:list widget PDF 0 = Item A
DEBUG:root:list widget PDF 1 = Item B
DEBUG:root:list widget PDF 2 = Item C
DEBUG:root:Escape:  
DEBUG:root:PDF_count = 3
DEBUG:root:list widget PDF 0 = Item A
DEBUG:root:list widget PDF 1 = Item B
DEBUG:root:list widget PDF 2 = Item C
DEBUG:root:PDF_count = 3
DEBUG:root:list widget PDF 0 = Item A
DEBUG:root:list widget PDF 1 = Item B
DEBUG:root:list widget PDF 2 = Item C
DEBUG:root:PDF_count = 3
DEBUG:root:list widget PDF 0 = Item A
DEBUG:root:list widget PDF 1 = Item B
DEBUG:root:list widget PDF 2 = Item C
DEBUG:root:PDF_count = 3
DEBUG:root:list widget PDF 0 = Item A
DEBUG:root:list widget PDF 1 = Item B
DEBUG:root:list widget PDF 2 = Item C
DEBUG:root:Escape:  
DEBUG:root:PDF_count = 4
DEBUG:root:list widget PDF 0 = Item A
DEBUG:root:list widget PDF 1 = Item B
DEBUG:root:list widget PDF 2 = Item C
DEBUG:root:list widget PDF 3 = C:/Users/Family/Desktop/Rocketbook-Letter-DotGrid.pdf
DEBUG:root:PDF_count = 3
DEBUG:root:list widget PDF 0 = Item A
DEBUG:root:list widget PDF 1 = Item B
DEBUG:root:list widget PDF 2 = Item C
DEBUG:root:Escape:  
DEBUG:root:PDF_count = 4
DEBUG:root:list widget PDF 0 = Item A
DEBUG:root:list widget PDF 1 = Item B
DEBUG:root:list widget PDF 2 = Item C
DEBUG:root:list widget PDF 3 = C:/Users/Family/Desktop/Rocketbook-Letter-DotGrid.pdf
DEBUG:root:PDF_count = 3
DEBUG:root:list widget PDF 0 = Item A
DEBUG:root:list widget PDF 1 = Item B
DEBUG:root:list widget PDF 2 = Item C
DEBUG:root:Escape:  
DEBUG:root:PDF_count = 4
DEBUG:root:list widget PDF 0 = Item A
DEBUG:root:list widget PDF 1 = Item B
DEBUG:root:list widget PDF 2 = Item C
DEBUG:root:list widget PDF 3 = C:/Users/Family/Desktop/Rocketbook-Letter-DotGrid.pdf
DEBUG:root:PDF_count = 3
DEBUG:root:list widget PDF 0 = Item A
DEBUG:root:list widget PDF 1 = Item B
DEBUG:root:list widget PDF 2 = Item C
DEBUG:root:Escape:  
DEBUG:root:PDF_count = 3
DEBUG:root:list widget PDF 0 = Item A
DEBUG:root:list widget PDF 1 = Item B
DEBUG:root:list widget PDF 2 = Item C
DEBUG:root:PDF_count = 3
DEBUG:root:list widget PDF 0 = Item A
DEBUG:root:list widget PDF 1 = Item B
DEBUG:root:list widget PDF 2 = Item C
DEBUG:root:PDF_count = 3
DEBUG:root:list widget PDF 0 = Item A
DEBUG:root:list widget PDF 1 = Item B
DEBUG:root:list widget PDF 2 = Item C
